10:21:03 freenode http://www.freenode.net
10:21:03 freenode http://www.fosscon.org
10:21:03 freenode https://www.privateinternetaccess.com/
10:21:03 #elixir-lang http://elixir-lang.org
10:21:03 #elixir-lang http://elixirconf.eu
10:21:03 #elixir-lang http://bit.ly/2ddsYcy
10:21:03 #elixir-lang http://bit.ly/1TrVaqC
10:21:39 freenode http://www.freenode.net
10:21:39 freenode http://www.fosscon.org
10:21:39 freenode https://www.privateinternetaccess.com/
10:21:40 #elixir-lang http://elixir-lang.org
10:21:40 #elixir-lang http://elixirconf.eu
10:21:40 #elixir-lang http://bit.ly/2ddsYcy
10:21:40 #elixir-lang http://bit.ly/1TrVaqC
10:29:12 freenode http://www.freenode.net
10:29:12 freenode http://www.fosscon.org
10:29:12 freenode https://www.privateinternetaccess.com/
10:29:12 #elixir-lang http://elixir-lang.org
10:29:12 #elixir-lang http://elixirconf.eu
10:29:12 #elixir-lang http://bit.ly/2ddsYcy
10:29:12 #elixir-lang http://bit.ly/1TrVaqC
10:38:45 freenode http://www.freenode.net
10:38:45 freenode http://www.fosscon.org
10:38:45 freenode https://www.privateinternetaccess.com/
10:38:45 #elixir-lang http://elixir-lang.org
10:38:45 #elixir-lang http://elixirconf.eu
10:38:45 #elixir-lang http://bit.ly/2ddsYcy
10:38:45 #elixir-lang http://bit.ly/1TrVaqC
10:39:25 freenode http://www.freenode.net
10:39:25 freenode http://www.fosscon.org
10:39:25 freenode https://www.privateinternetaccess.com/
10:39:25 #elixir-lang http://elixir-lang.org
10:39:25 #elixir-lang http://elixirconf.eu
10:39:25 #elixir-lang http://bit.ly/2ddsYcy
10:39:25 #elixir-lang http://bit.ly/1TrVaqC
10:49:23 freenode http://www.freenode.net
10:49:23 freenode http://www.fosscon.org
10:49:23 freenode https://www.privateinternetaccess.com/
10:49:23 #elixir-lang http://elixir-lang.org
10:49:23 #elixir-lang http://elixirconf.eu
10:49:23 #elixir-lang http://bit.ly/2ddsYcy
10:49:23 #elixir-lang http://bit.ly/1TrVaqC
10:49:52 freenode http://www.freenode.net
10:49:52 freenode http://www.fosscon.org
10:49:52 freenode https://www.privateinternetaccess.com/
10:49:52 #elixir-lang http://elixir-lang.org
10:49:52 #elixir-lang http://elixirconf.eu
10:49:52 #elixir-lang http://bit.ly/2ddsYcy
10:49:52 #elixir-lang http://bit.ly/1TrVaqC
11:16:09 freenode http://www.freenode.net
11:16:09 freenode http://www.fosscon.org
11:16:09 freenode https://www.privateinternetaccess.com/
11:16:09 #elixir-lang http://elixir-lang.org
11:16:09 #elixir-lang http://elixirconf.eu
11:16:09 #elixir-lang http://bit.ly/2ddsYcy
11:16:09 #elixir-lang http://bit.ly/1TrVaqC
11:17:36 freenode http://www.freenode.net
11:17:36 freenode http://www.fosscon.org
11:17:36 freenode https://www.privateinternetaccess.com/
11:17:40 #elixir-lang http://elixir-lang.org
11:17:40 #elixir-lang http://elixirconf.eu
11:17:40 #elixir-lang http://bit.ly/2ddsYcy
11:17:40 #elixir-lang http://bit.ly/1TrVaqC
11:30:17 #elixir-lang https://stackoverflow.com/questions/34446712/in-elixir-phoenix-how-to-get-session-in-other-module-as-a-module-use-phoenix-c
12:12:51 freenode http://www.freenode.net
12:12:51 freenode http://www.fosscon.org
12:12:51 freenode https://www.privateinternetaccess.com/
12:12:51 #elixir-lang http://elixir-lang.org
12:12:51 #elixir-lang http://elixirconf.eu
12:12:51 #elixir-lang http://bit.ly/2ddsYcy
12:12:51 #elixir-lang http://bit.ly/1TrVaqC
14:01:22 #THE.SOURCE http://pastebin.com/ubGNYUn9
14:10:30 freenode http://www.freenode.net
14:10:30 freenode http://www.fosscon.org
14:10:30 freenode https://www.privateinternetaccess.com/
14:10:30 #elixir-lang http://elixir-lang.org
14:10:30 #elixir-lang http://elixirconf.eu
14:10:30 #elixir-lang http://bit.ly/2ddsYcy
14:10:30 #elixir-lang http://bit.ly/1TrVaqC
14:16:22 freenode http://www.freenode.net
14:16:22 freenode http://www.fosscon.org
14:16:22 freenode https://www.privateinternetaccess.com/
14:16:22 #elixir-lang http://elixir-lang.org
14:16:22 #elixir-lang http://elixirconf.eu
14:16:22 #elixir-lang http://bit.ly/2ddsYcy
14:16:22 #elixir-lang http://bit.ly/1TrVaqC
14:27:19 freenode http://www.freenode.net
14:27:19 freenode http://www.fosscon.org
14:27:19 freenode https://www.privateinternetaccess.com/
14:27:19 #elixir-lang http://elixir-lang.org
14:27:19 #elixir-lang http://elixirconf.eu
14:27:19 #elixir-lang http://bit.ly/2ddsYcy
14:27:19 #elixir-lang http://bit.ly/1TrVaqC
19:51:07 freenode https://www.cloudsigma.com/
19:51:07 freenode http://www.freenode.net
19:51:07 freenode http://www.fosscon.org
19:51:07 freenode https://www.privateinternetaccess.com/
19:51:10 #elixir-lang http://elixir-lang.org
19:51:10 #elixir-lang http://elixirconf.eu
19:51:10 #elixir-lang http://bit.ly/2ddsYcy
19:51:10 #elixir-lang http://bit.ly/1TrVaqC
00:26:17 freenode https://www.cloudsigma.com/
00:26:17 freenode http://www.freenode.net
00:26:17 freenode http://www.fosscon.org
00:26:17 freenode https://www.privateinternetaccess.com/
00:26:17 #elixir-lang http://elixir-lang.org
00:26:17 #elixir-lang http://elixirconf.eu
00:26:17 #elixir-lang http://bit.ly/2ddsYcy
00:26:17 #elixir-lang http://bit.ly/1TrVaqC
00:26:17 #elixir-lang https://docs.google.com/presentation/d/1BxPmksfgVsS7ela-jS3tYI3W2PFb08vJVFkC8vMwj5M/edit?usp=sharing
00:26:17 #elixir-lang https://github.com/smpallen99/ex_admin/issues/117#issuecomment-232102281
02:26:58 freenode https://www.cloudsigma.com/
02:26:58 freenode http://www.freenode.net
02:26:58 freenode http://www.fosscon.org
02:26:58 freenode https://www.privateinternetaccess.com/
02:26:58 #elixir-lang http://elixir-lang.org
02:26:58 #elixir-lang http://elixirconf.eu
02:26:58 #elixir-lang http://bit.ly/2ddsYcy
02:26:58 #elixir-lang http://bit.ly/1TrVaqC
03:03:17 freenode https://www.cloudsigma.com/
03:03:17 freenode http://www.freenode.net
03:03:17 freenode http://www.fosscon.org
03:03:17 freenode https://www.privateinternetaccess.com/
03:03:17 #elixir-lang http://elixir-lang.org
03:03:17 #elixir-lang http://elixirconf.eu
03:03:17 #elixir-lang http://bit.ly/2ddsYcy
03:03:17 #elixir-lang http://bit.ly/1TrVaqC
03:19:04 #elixir-lang https://github.com/undeadlabs/consul-ex
03:19:04 #elixir-lang http://erlang.org/doc/man/kernel_app.html
03:19:04 #elixir-lang http://learnyousomeerlang.com/distribunomicon
03:39:33 freenode https://www.cloudsigma.com/
03:39:33 freenode http://www.freenode.net
03:39:33 freenode http://www.fosscon.org
03:39:33 freenode https://www.privateinternetaccess.com/
03:39:33 #elixir-lang http://elixir-lang.org
03:39:33 #elixir-lang http://elixirconf.eu
03:39:33 #elixir-lang http://bit.ly/2ddsYcy
03:39:33 #elixir-lang http://bit.ly/1TrVaqC
04:15:58 freenode https://www.cloudsigma.com/
04:15:58 freenode http://www.freenode.net
04:15:58 freenode http://www.fosscon.org
04:15:58 freenode https://www.privateinternetaccess.com/
04:15:58 #elixir-lang http://elixir-lang.org
04:15:58 #elixir-lang http://elixirconf.eu
04:15:58 #elixir-lang http://bit.ly/2ddsYcy
04:15:58 #elixir-lang http://bit.ly/1TrVaqC
06:25:24 freenode https://www.cloudsigma.com/
06:25:24 freenode http://www.freenode.net
06:25:24 freenode http://www.fosscon.org
06:25:24 freenode https://www.privateinternetaccess.com/
06:25:24 #elixir-lang http://elixir-lang.org
06:25:24 #elixir-lang http://elixirconf.eu
06:25:24 #elixir-lang http://bit.ly/2ddsYcy
06:25:24 #elixir-lang http://bit.ly/1TrVaqC
06:25:24 #elixir-lang https://github.com/elixir-lang/elixir/compare/824b26842052...3ba85ad570df
06:25:24 #elixir-lang https://travis-ci.org/elixir-lang/elixir/builds/207492697
06:25:24 #elixir-lang https://github.com/elixir-lang/elixir/compare/3ba85ad570df...8cee6fc20c3f
06:25:24 #elixir-lang https://travis-ci.org/elixir-lang/elixir/builds/207497182
06:25:24 #elixir-lang https://github.com/NashFP/rdbms/blob/compiler/jorendorff%2Belixir/lib/tiny_rdbms.ex#L405-L434
06:25:24 #elixir-lang https://github.com/NashFP/rdbms/blob/compiler/jorendorff%2Belixir/lib/tiny_rdbms.ex#L456-L479
06:56:58 freenode https://www.cloudsigma.com/
06:56:58 freenode http://www.freenode.net
06:56:58 freenode http://www.fosscon.org
06:56:58 freenode https://www.privateinternetaccess.com/
06:56:58 #elixir-lang http://elixir-lang.org
06:56:58 #elixir-lang http://elixirconf.eu
06:56:58 #elixir-lang http://bit.ly/2ddsYcy
06:56:58 #elixir-lang http://bit.ly/1TrVaqC
06:58:10 weechat https://pushover.net/faq#overview-distribution
06:58:10 weechat http://host.com:1234/xx/8
06:58:10 weechat http://weechat.org/files/plugins.xml.gz"
07:17:57 freenode https://www.cloudsigma.com/
07:17:57 freenode http://www.freenode.net
07:17:57 freenode http://www.fosscon.org
07:17:57 freenode https://www.privateinternetaccess.com/
07:17:57 #elixir-lang http://elixir-lang.org
07:17:57 #elixir-lang http://elixirconf.eu
07:17:57 #elixir-lang http://bit.ly/2ddsYcy
07:17:57 #elixir-lang http://bit.ly/1TrVaqC
09:39:14 freenode https://www.cloudsigma.com/
09:39:14 freenode http://www.freenode.net
09:39:14 freenode http://www.fosscon.org
09:39:14 freenode https://www.privateinternetaccess.com/
09:39:14 #elixir-lang http://elixir-lang.org
09:39:14 #elixir-lang http://elixirconf.eu
09:39:14 #elixir-lang http://bit.ly/2ddsYcy
09:39:14 #elixir-lang http://bit.ly/1TrVaqC
10:00:01 freenode https://www.cloudsigma.com/
10:00:01 freenode http://www.freenode.net
10:00:01 freenode http://www.fosscon.org
10:00:01 freenode https://www.privateinternetaccess.com/
10:00:01 #elixir-lang http://elixir-lang.org
10:00:01 #elixir-lang http://elixirconf.eu
10:00:01 #elixir-lang http://bit.ly/2ddsYcy
10:00:01 #elixir-lang http://bit.ly/1TrVaqC
10:20:50 freenode https://www.cloudsigma.com/
10:20:50 freenode http://www.freenode.net
10:20:50 freenode http://www.fosscon.org
10:20:50 freenode https://www.privateinternetaccess.com/
10:20:50 #elixir-lang http://elixir-lang.org
10:20:50 #elixir-lang http://elixirconf.eu
10:20:50 #elixir-lang http://bit.ly/2ddsYcy
10:20:50 #elixir-lang http://bit.ly/1TrVaqC
10:43:26 freenode https://www.cloudsigma.com/
10:43:26 freenode http://www.freenode.net
10:43:26 freenode http://www.fosscon.org
10:43:26 freenode https://www.privateinternetaccess.com/
10:43:26 #elixir-lang http://elixir-lang.org
10:43:26 #elixir-lang http://elixirconf.eu
10:43:26 #elixir-lang http://bit.ly/2ddsYcy
10:43:26 #elixir-lang http://bit.ly/1TrVaqC
11:18:53 freenode https://www.cloudsigma.com/
11:18:53 freenode http://www.freenode.net
11:18:53 freenode http://www.fosscon.org
11:18:53 freenode https://www.privateinternetaccess.com/
11:18:53 #elixir-lang http://elixir-lang.org
11:18:53 #elixir-lang http://elixirconf.eu
11:18:53 #elixir-lang http://bit.ly/2ddsYcy
11:18:53 #elixir-lang http://bit.ly/1TrVaqC
11:28:53 freenode https://www.cloudsigma.com/
11:28:53 freenode http://www.freenode.net
11:28:53 freenode http://www.fosscon.org
11:28:53 freenode https://www.privateinternetaccess.com/
11:28:53 #elixir-lang http://elixir-lang.org
11:28:53 #elixir-lang http://elixirconf.eu
11:28:53 #elixir-lang http://bit.ly/2ddsYcy
11:28:53 #elixir-lang http://bit.ly/1TrVaqC
11:39:31 freenode https://www.cloudsigma.com/
11:39:31 freenode http://www.freenode.net
11:39:31 freenode http://www.fosscon.org
11:39:31 freenode https://www.privateinternetaccess.com/
11:39:31 #elixir-lang http://elixir-lang.org
11:39:31 #elixir-lang http://elixirconf.eu
11:39:31 #elixir-lang http://bit.ly/2ddsYcy
11:39:31 #elixir-lang http://bit.ly/1TrVaqC
12:22:17 freenode https://www.cloudsigma.com/
12:22:18 freenode http://www.freenode.net
12:22:18 freenode http://www.fosscon.org
12:22:18 freenode https://www.privateinternetaccess.com/
12:22:18 #elixir-lang http://elixir-lang.org
12:22:18 #elixir-lang http://elixirconf.eu
12:22:18 #elixir-lang http://bit.ly/2ddsYcy
12:22:18 #elixir-lang http://bit.ly/1TrVaqC
12:42:51 freenode https://www.cloudsigma.com/
12:42:51 freenode http://www.freenode.net
12:42:51 freenode http://www.fosscon.org
12:42:51 freenode https://www.privateinternetaccess.com/
12:42:51 #elixir-lang http://elixir-lang.org
12:42:51 #elixir-lang http://elixirconf.eu
12:42:51 #elixir-lang http://bit.ly/2ddsYcy
12:42:51 #elixir-lang http://bit.ly/1TrVaqC
15:02:08 freenode https://www.cloudsigma.com/
15:02:08 freenode http://www.freenode.net
15:02:08 freenode http://www.fosscon.org
15:02:08 freenode https://www.privateinternetaccess.com/
15:02:08 #elixir-lang http://elixir-lang.org
15:02:08 #elixir-lang http://elixirconf.eu
15:02:08 #elixir-lang http://bit.ly/2ddsYcy
15:02:08 #elixir-lang http://bit.ly/1TrVaqC
15:43:07 freenode https://www.cloudsigma.com/
15:43:07 freenode http://www.freenode.net
15:43:07 freenode http://www.fosscon.org
15:43:07 freenode https://www.privateinternetaccess.com/
15:43:07 #elixir-lang http://elixir-lang.org
15:43:07 #elixir-lang http://elixirconf.eu
15:43:07 #elixir-lang http://bit.ly/2ddsYcy
15:43:07 #elixir-lang http://bit.ly/1TrVaqC
15:50:13 #elixir-lang https://github.com/bitwalker/distillery/issues/216
17:15:38 freenode https://www.cloudsigma.com/
17:15:38 freenode http://www.freenode.net
17:15:38 freenode http://www.fosscon.org
17:15:38 freenode https://www.privateinternetaccess.com/
17:15:38 #elixir-lang http://elixir-lang.org
17:15:38 #elixir-lang http://elixirconf.eu
17:15:38 #elixir-lang http://bit.ly/2ddsYcy
17:15:38 #elixir-lang http://bit.ly/1TrVaqC
19:06:52 freenode https://www.cloudsigma.com/
19:06:53 freenode http://www.freenode.net
19:06:53 freenode http://www.fosscon.org
19:06:53 freenode https://www.privateinternetaccess.com/
19:06:53 #elixir-lang http://elixir-lang.org
19:06:53 #elixir-lang http://elixirconf.eu
19:06:53 #elixir-lang http://bit.ly/2ddsYcy
19:06:53 #elixir-lang http://bit.ly/1TrVaqC
14:50:55 freenode https://www.cloudsigma.com/
14:50:55 freenode http://www.freenode.net
14:50:55 freenode http://www.fosscon.org
14:50:55 freenode https://www.privateinternetaccess.com/
14:50:55 #elixir-lang http://elixir-lang.org
14:50:55 #elixir-lang http://elixirconf.eu
14:50:55 #elixir-lang http://bit.ly/2ddsYcy
14:50:55 #elixir-lang http://bit.ly/1TrVaqC
14:50:55 #elixir-lang https://github.com/elixir-ecto/ecto/pull/1977
14:50:55 #elixir-lang https://github.com/dalmatinerdb/dalmatinerdb
14:50:55 #elixir-lang https://docs.google.com/spreadsheets/d/1sMQe9oOKhMhIVw9WmuCEWdPtAoccJ4a-IuZv4fXDHxM/edit#gid=0
14:50:55 #elixir-lang https://hexdocs.pm/elixir/Application.html#spec/1
14:50:55 #elixir-lang https://github.com/elixir-lang/elixir/compare/4020b7e08f0b...3b1cefe5ae5e
14:50:55 #elixir-lang https://travis-ci.org/elixir-lang/elixir/builds/207768549
17:08:01 freenode https://www.cloudsigma.com/
17:08:01 freenode http://www.freenode.net
17:08:01 freenode http://www.fosscon.org
17:08:01 freenode https://www.privateinternetaccess.com/
17:08:01 #elixir-lang http://elixir-lang.org
17:08:01 #elixir-lang http://elixirconf.eu
17:08:01 #elixir-lang http://bit.ly/2ddsYcy
17:08:01 #elixir-lang http://bit.ly/1TrVaqC
18:03:34 #elixir-lang https://github.com/elixir-lang/elixir/blob/master/lib/elixir/lib/string.ex#L813.
18:21:48 #elixir-lang https://github.com/elixir-lang/elixir/compare/435c431b0419...2ef963acd0e4
18:21:48 #elixir-lang https://travis-ci.org/elixir-lang/elixir/builds/207868755
18:22:27 #elixir-lang https://github.com/elixir-lang/elixir/compare/3b1cefe5ae5e...435c431b0419
18:22:27 #elixir-lang https://travis-ci.org/elixir-lang/elixir/builds/207868672
18:36:23 #elixir-lang https://github.com/elixir-lang/elixir/compare/ced62c92eb34...21573c2431c1
18:36:23 #elixir-lang https://travis-ci.org/elixir-lang/elixir/builds/207868897
18:42:56 #elixir-lang https://github.com/elixir-lang/elixir/compare/21573c2431c1...1efcb5cf2ea3
18:42:56 #elixir-lang https://travis-ci.org/elixir-lang/elixir/builds/207869268
19:27:54 freenode https://www.cloudsigma.com/
19:27:54 freenode http://www.freenode.net
19:27:54 freenode http://www.fosscon.org
19:27:54 freenode https://www.privateinternetaccess.com/
19:27:54 #elixir-lang http://elixir-lang.org
19:27:54 #elixir-lang http://elixirconf.eu
19:27:54 #elixir-lang http://bit.ly/2ddsYcy
19:27:54 #elixir-lang http://bit.ly/1TrVaqC
20:12:21 #elixir-lang http://erlang.org/doc/man/gen_tcp.html
20:39:11 #elixir-lang https://gist.github.com/chrismccord/71ab10d433c98b714b75c886eff17357
21:05:55 freenode https://www.cloudsigma.com/
21:05:55 freenode http://www.freenode.net
21:05:55 freenode http://www.fosscon.org
21:05:55 freenode https://www.privateinternetaccess.com/
21:05:55 #elixir-lang http://elixir-lang.org
21:05:55 #elixir-lang http://elixirconf.eu
21:05:55 #elixir-lang http://bit.ly/2ddsYcy
21:05:55 #elixir-lang http://bit.ly/1TrVaqC
22:00:12 #elixir-lang https://www.youtube.com/watch?v=tMO28ar0lW8
22:47:23 #elixir-lang https://github.com/bryanjos/example/blob/master/mix.exs#L20
23:08:50 #elixir-lang https://github.com/elixir-lang/elixir/compare/27895f034e39...4061243b628d
23:08:50 #elixir-lang https://travis-ci.org/elixir-lang/elixir/builds/207916345
23:31:40 #elixir-lang https://github.com/elixir-lang/elixir/compare/4061243b628d...8a63cd03aca9
23:31:40 #elixir-lang https://travis-ci.org/elixir-lang/elixir/builds/207920928
02:34:54 freenode https://www.cloudsigma.com/
02:34:54 freenode http://www.freenode.net
02:34:54 freenode http://www.fosscon.org
02:34:54 freenode https://www.privateinternetaccess.com/
02:34:54 #elixir-lang http://elixir-lang.org
02:34:54 #elixir-lang http://elixirconf.eu
02:34:54 #elixir-lang http://bit.ly/2ddsYcy
02:34:54 #elixir-lang http://bit.ly/1TrVaqC
02:34:54 #elixir-lang https://github.com/elixir-lang/elixir/compare/8a63cd03aca9...004f48e5300c
02:34:54 #elixir-lang https://travis-ci.org/elixir-lang/elixir/builds/207923633
02:34:54 #elixir-lang https://github.com/elixir-lang/elixir/compare/45ba63537a88...657e36b1d893
02:34:54 #elixir-lang https://travis-ci.org/elixir-lang/elixir/builds/207927445
02:34:54 #elixir-lang https://github.com/elixir-lang/elixir/compare/657e36b1d893...ba24a2fef823
02:34:54 #elixir-lang https://travis-ci.org/elixir-lang/elixir/builds/207943477
02:34:54 #elixir-lang https://github.com/elixir-lang/elixir/compare/ba24a2fef823...8418666d843a
02:34:54 #elixir-lang https://travis-ci.org/elixir-lang/elixir/builds/207950135
02:34:54 #elixir-lang https://github.com/elixir-lang/elixir/compare/c857a8166040...453916df239e
02:34:54 #elixir-lang https://travis-ci.org/elixir-lang/elixir/builds/207954889
04:35:13 freenode https://www.cloudsigma.com/
04:35:13 freenode http://www.freenode.net
04:35:13 freenode http://www.fosscon.org
04:35:13 freenode https://www.privateinternetaccess.com/
04:35:13 #elixir-lang http://elixir-lang.org
04:35:13 #elixir-lang http://elixirconf.eu
04:35:13 #elixir-lang http://bit.ly/2ddsYcy
04:35:13 #elixir-lang http://bit.ly/1TrVaqC
04:35:16 #elixir-lang http://zdatainc.com/2015/02/gemfire-performance-evaluation-aws/
04:35:16 #elixir-lang http://www.snappydata.io/
04:35:16 #elixir-lang https://github.com/fire/snappyex
04:35:16 #elixir-lang http://zdatainc.com/wp-content/uploads/2015/02/GemFireChart.png
04:35:16 #elixir-lang https://github.com/fire/snappyex/blob/master/lib/snappyex/protocol.ex#L151
04:35:16 #elixir-lang https://en.wikipedia.org/wiki/China_Railway
04:35:16 #elixir-lang http://www.snappydata.io/customers
06:05:54 freenode https://www.cloudsigma.com/
06:05:54 freenode http://www.freenode.net
06:05:54 freenode http://www.fosscon.org
06:05:54 freenode https://www.privateinternetaccess.com/
06:05:54 #elixir-lang http://elixir-lang.org
06:05:54 #elixir-lang http://elixirconf.eu
06:05:54 #elixir-lang http://bit.ly/2ddsYcy
06:05:54 #elixir-lang http://bit.ly/1TrVaqC
06:05:54 #elixir-lang https://github.com/elixir-lang/elixir/compare/c6a38017f54d...959744b00f20
06:05:54 #elixir-lang https://travis-ci.org/elixir-lang/elixir/builds/207994247
06:05:54 #elixir-lang https://guides.nanobox.io/elixir/phoenix/
06:22:34 #elixir-lang https://github.com/elixir-lang/elixir/compare/959744b00f20...49f3a510da58
06:22:34 #elixir-lang https://travis-ci.org/elixir-lang/elixir/builds/208011933
06:38:04 #elixir-lang https://github.com/elixir-lang/elixir/compare/49f3a510da58...e9cd66e62bf2
06:38:04 #elixir-lang https://travis-ci.org/elixir-lang/elixir/builds/208015385
06:45:45 #elixir-lang https://github.com/elixir-lang/elixir/compare/e9cd66e62bf2...517179f7da5c
06:45:45 #elixir-lang https://travis-ci.org/elixir-lang/elixir/builds/208016636
09:25:24 freenode https://www.cloudsigma.com/
09:25:24 freenode http://www.freenode.net
09:25:24 freenode http://www.fosscon.org
09:25:24 freenode https://www.privateinternetaccess.com/
09:25:24 #elixir-lang http://elixir-lang.org
09:25:24 #elixir-lang http://elixirconf.eu
09:25:24 #elixir-lang http://bit.ly/2ddsYcy
09:25:24 #elixir-lang http://bit.ly/1TrVaqC
09:53:42 freenode https://www.cloudsigma.com/
09:53:42 freenode http://www.freenode.net
09:53:42 freenode http://www.fosscon.org
09:53:42 freenode https://www.privateinternetaccess.com/
09:53:42 #elixir-lang http://elixir-lang.org
09:53:42 #elixir-lang http://elixirconf.eu
09:53:42 #elixir-lang http://bit.ly/2ddsYcy
09:53:42 #elixir-lang http://bit.ly/1TrVaqC
